MaestroAutoworks_Android/MaestroAutoworks/app/build/intermediates/manifest_merge_blame_file/debug/manifest-merger-blame-debug-report.txt
1<?xml version="1.0" encoding="utf-8"?>
2<manifest xmlns:android="http://schemas.android.com/apk/res/android"
3    package="com.maestro.autoworks"
4    android:versionCode="1"
5    android:versionName="1.0" >
6
7    <uses-sdk
8        android:minSdkVersion="24"
9        android:targetSdkVersion="34" />
10
11    <uses-permission android:name="android.permission.INTERNET" />
11-->src\main\AndroidManifest.xml:4:5-66
11-->src\main\AndroidManifest.xml:4:22-64
12
13    <permission
13-->[androidx.core:core:1.9.0] AndroidManifest.xml:22:5-24:47
14        android:name="com.maestro.autoworks.DYNAMIC_RECEIVER_NOT_EXPORTED_PERMISSION"
14-->[androidx.core:core:1.9.0] AndroidManifest.xml:23:9-81
15        android:protectionLevel="signature" />
15-->[androidx.core:core:1.9.0] AndroidManifest.xml:24:9-44
16
17    <uses-permission android:name="com.maestro.autoworks.DYNAMIC_RECEIVER_NOT_EXPORTED_PERMISSION" />
17-->[androidx.core:core:1.9.0] AndroidManifest.xml:26:5-97
17-->[androidx.core:core:1.9.0] AndroidManifest.xml:26:22-94
18
19    <application
19-->src\main\AndroidManifest.xml:6:5-50:19
20        android:allowBackup="true"
20-->src\main\AndroidManifest.xml:7:9-35
21        android:appComponentFactory="androidx.core.app.CoreComponentFactory"
21-->[androidx.core:core:1.9.0] AndroidManifest.xml:28:18-86
22        android:debuggable="true"
23        android:extractNativeLibs="false"
24        android:icon="@mipmap/ic_launcher"
24-->src\main\AndroidManifest.xml:8:9-43
25        android:label="@string/app_name"
25-->src\main\AndroidManifest.xml:9:9-41
26        android:roundIcon="@mipmap/ic_launcher_round"
26-->src\main\AndroidManifest.xml:10:9-54
27        android:supportsRtl="true"
27-->src\main\AndroidManifest.xml:11:9-35
28        android:testOnly="true"
29        android:theme="@style/Theme.MaestroAutoworks" >
29-->src\main\AndroidManifest.xml:12:9-54
30
31        <!-- 1. Splash / Landing -->
32        <activity
32-->src\main\AndroidManifest.xml:15:9-21:20
33            android:name="com.maestro.autoworks.activities.MainActivity"
33-->src\main\AndroidManifest.xml:15:19-58
34            android:exported="true" >
34-->src\main\AndroidManifest.xml:16:13-36
35            <intent-filter>
35-->src\main\AndroidManifest.xml:17:13-20:29
36                <action android:name="android.intent.action.MAIN" />
36-->src\main\AndroidManifest.xml:18:17-68
36-->src\main\AndroidManifest.xml:18:25-66
37
38                <category android:name="android.intent.category.LAUNCHER" />
38-->src\main\AndroidManifest.xml:19:17-76
38-->src\main\AndroidManifest.xml:19:27-74
39            </intent-filter>
40        </activity>
41
42        <!-- 2. Login — EditText PasswordType & TextColor -->
43        <activity
43-->src\main\AndroidManifest.xml:24:9-86
44            android:name="com.maestro.autoworks.activities.LoginActivity"
44-->src\main\AndroidManifest.xml:24:19-59
45            android:exported="false" />
45-->src\main\AndroidManifest.xml:24:60-84
46
47        <!-- 3. Register — EditText, TextView, Button, Toast, Computation & Validation -->
48        <activity
48-->src\main\AndroidManifest.xml:27:9-89
49            android:name="com.maestro.autoworks.activities.RegisterActivity"
49-->src\main\AndroidManifest.xml:27:19-62
50            android:exported="false" />
50-->src\main\AndroidManifest.xml:27:63-87
51
52        <!-- 4. Home Dashboard — Intent navigation hub -->
53        <activity
53-->src\main\AndroidManifest.xml:30:9-85
54            android:name="com.maestro.autoworks.activities.HomeActivity"
54-->src\main\AndroidManifest.xml:30:19-58
55            android:exported="false" />
55-->src\main\AndroidManifest.xml:30:59-83
56
57        <!-- 5. Services — ListView & ArrayAdapter -->
58        <activity
58-->src\main\AndroidManifest.xml:33:9-89
59            android:name="com.maestro.autoworks.activities.ServicesActivity"
59-->src\main\AndroidManifest.xml:33:19-62
60            android:exported="false" />
60-->src\main\AndroidManifest.xml:33:63-87
61
62        <!-- 6. Book Appointment — Spinner, RadioButton, CheckBox, RatingBar, AlertDialog -->
63        <activity
63-->src\main\AndroidManifest.xml:36:9-85
64            android:name="com.maestro.autoworks.activities.BookActivity"
64-->src\main\AndroidManifest.xml:36:19-58
65            android:exported="false" />
65-->src\main\AndroidManifest.xml:36:59-83
66
67        <!-- 7. My Appointments — SQLite ListView -->
68        <activity
68-->src\main\AndroidManifest.xml:39:9-93
69            android:name="com.maestro.autoworks.activities.AppointmentsActivity"
69-->src\main\AndroidManifest.xml:39:19-66
70            android:exported="false" />
70-->src\main\AndroidManifest.xml:39:67-91
71
72        <!-- 8. About / Appearance — RadioButton BG color, CheckBox text color -->
73        <activity
73-->src\main\AndroidManifest.xml:42:9-86
74            android:name="com.maestro.autoworks.activities.AboutActivity"
74-->src\main\AndroidManifest.xml:42:19-59
75            android:exported="false" />
75-->src\main\AndroidManifest.xml:42:60-84
76
77        <!-- 9. Contact / WebView -->
78        <activity
78-->src\main\AndroidManifest.xml:45:9-88
79            android:name="com.maestro.autoworks.activities.WebViewActivity"
79-->src\main\AndroidManifest.xml:45:19-61
80            android:exported="false" />
80-->src\main\AndroidManifest.xml:45:62-86
81
82        <!-- 10. Search Services — AutoCompleteTextView -->
83        <activity
83-->src\main\AndroidManifest.xml:48:9-87
84            android:name="com.maestro.autoworks.activities.SearchActivity"
84-->src\main\AndroidManifest.xml:48:19-60
85            android:exported="false" />
85-->src\main\AndroidManifest.xml:48:61-85
86
87        <provider
87-->[androidx.emoji2:emoji2:1.2.0] AndroidManifest.xml:24:9-32:20
88            android:name="androidx.startup.InitializationProvider"
88-->[androidx.emoji2:emoji2:1.2.0] AndroidManifest.xml:25:13-67
89            android:authorities="com.maestro.autoworks.androidx-startup"
89-->[androidx.emoji2:emoji2:1.2.0] AndroidManifest.xml:26:13-68
90            android:exported="false" >
90-->[androidx.emoji2:emoji2:1.2.0] AndroidManifest.xml:27:13-37
91            <meta-data
91-->[androidx.emoji2:emoji2:1.2.0] AndroidManifest.xml:29:13-31:52
92                android:name="androidx.emoji2.text.EmojiCompatInitializer"
92-->[androidx.emoji2:emoji2:1.2.0] AndroidManifest.xml:30:17-75
93                android:value="androidx.startup" />
93-->[androidx.emoji2:emoji2:1.2.0] AndroidManifest.xml:31:17-49
94            <meta-data
94-->[androidx.lifecycle:lifecycle-process:2.6.1] AndroidManifest.xml:29:13-31:52
95                android:name="androidx.lifecycle.ProcessLifecycleInitializer"
95-->[androidx.lifecycle:lifecycle-process:2.6.1] AndroidManifest.xml:30:17-78
96                android:value="androidx.startup" />
96-->[androidx.lifecycle:lifecycle-process:2.6.1] AndroidManifest.xml:31:17-49
97            <meta-data
97-->[androidx.profileinstaller:profileinstaller:1.3.0] AndroidManifest.xml:29:13-31:52
98                android:name="androidx.profileinstaller.ProfileInstallerInitializer"
98-->[androidx.profileinstaller:profileinstaller:1.3.0] AndroidManifest.xml:30:17-85
99                android:value="androidx.startup" />
99-->[androidx.profileinstaller:profileinstaller:1.3.0] AndroidManifest.xml:31:17-49
100        </provider>
101
102        <receiver
102-->[androidx.profileinstaller:profileinstaller:1.3.0] AndroidManifest.xml:34:9-52:20
103            android:name="androidx.profileinstaller.ProfileInstallReceiver"
103-->[androidx.profileinstaller:profileinstaller:1.3.0] AndroidManifest.xml:35:13-76
104            android:directBootAware="false"
104-->[androidx.profileinstaller:profileinstaller:1.3.0] AndroidManifest.xml:36:13-44
105            android:enabled="true"
105-->[androidx.profileinstaller:profileinstaller:1.3.0] AndroidManifest.xml:37:13-35
106            android:exported="true"
106-->[androidx.profileinstaller:profileinstaller:1.3.0] AndroidManifest.xml:38:13-36
107            android:permission="android.permission.DUMP" >
107-->[androidx.profileinstaller:profileinstaller:1.3.0] AndroidManifest.xml:39:13-57
108            <intent-filter>
108-->[androidx.profileinstaller:profileinstaller:1.3.0] AndroidManifest.xml:40:13-42:29
109                <action android:name="androidx.profileinstaller.action.INSTALL_PROFILE" />
109-->[androidx.profileinstaller:profileinstaller:1.3.0] AndroidManifest.xml:41:17-91
109-->[androidx.profileinstaller:profileinstaller:1.3.0] AndroidManifest.xml:41:25-88
110            </intent-filter>
111            <intent-filter>
111-->[androidx.profileinstaller:profileinstaller:1.3.0] AndroidManifest.xml:43:13-45:29
112                <action android:name="androidx.profileinstaller.action.SKIP_FILE" />
112-->[androidx.profileinstaller:profileinstaller:1.3.0] AndroidManifest.xml:44:17-85
112-->[androidx.profileinstaller:profileinstaller:1.3.0] AndroidManifest.xml:44:25-82
113            </intent-filter>
114            <intent-filter>
114-->[androidx.profileinstaller:profileinstaller:1.3.0] AndroidManifest.xml:46:13-48:29
115                <action android:name="androidx.profileinstaller.action.SAVE_PROFILE" />
115-->[androidx.profileinstaller:profileinstaller:1.3.0] AndroidManifest.xml:47:17-88
115-->[androidx.profileinstaller:profileinstaller:1.3.0] AndroidManifest.xml:47:25-85
116            </intent-filter>
117            <intent-filter>
117-->[androidx.profileinstaller:profileinstaller:1.3.0] AndroidManifest.xml:49:13-51:29
118                <action android:name="androidx.profileinstaller.action.BENCHMARK_OPERATION" />
118-->[androidx.profileinstaller:profileinstaller:1.3.0] AndroidManifest.xml:50:17-95
118-->[androidx.profileinstaller:profileinstaller:1.3.0] AndroidManifest.xml:50:25-92
119            </intent-filter>
120        </receiver>
121    </application>
122
123</manifest>